_old_/3-adapter/android/adapter-v1/android/app/build/intermediates/manifest_merge_blame_file/debug/processDebugMainManifest/manifest-merger-blame-debug-report.txt
1<?xml version="1.0" encoding="utf-8"?>
2<manifest xmlns:android="http://schemas.android.com/apk/res/android"
3    package="com.impos2.posadapter"
4    android:versionCode="1"
5    android:versionName="1.0" >
6
7    <uses-sdk
8        android:minSdkVersion="24"
9        android:targetSdkVersion="34" />
10
11    <uses-permission android:name="android.permission.SYSTEM_ALERT_WINDOW" />
11-->src/debug/AndroidManifest.xml:4:5-77
11-->src/debug/AndroidManifest.xml:4:22-75
12    <uses-permission android:name="android.permission.INTERNET" />
12-->src/main/AndroidManifest.xml:3:5-67
12-->src/main/AndroidManifest.xml:3:22-64
13    <uses-permission android:name="android.permission.ACCESS_NETWORK_STATE" />
13-->src/main/AndroidManifest.xml:4:5-79
13-->src/main/AndroidManifest.xml:4:22-76
14    <uses-permission android:name="android.permission.ACCESS_WIFI_STATE" /> <!-- ExternalCall: BLUETOOTH -->
14-->src/main/AndroidManifest.xml:5:5-76
14-->src/main/AndroidManifest.xml:5:22-73
15    <uses-permission
15-->src/main/AndroidManifest.xml:8:5-95
16        android:name="android.permission.BLUETOOTH"
16-->src/main/AndroidManifest.xml:8:22-65
17        android:maxSdkVersion="30" />
17-->src/main/AndroidManifest.xml:8:66-92
18    <uses-permission
18-->src/main/AndroidManifest.xml:9:5-101
19        android:name="android.permission.BLUETOOTH_ADMIN"
19-->src/main/AndroidManifest.xml:9:22-71
20        android:maxSdkVersion="30" />
20-->src/main/AndroidManifest.xml:9:72-98
21    <uses-permission android:name="android.permission.BLUETOOTH_CONNECT" />
21-->src/main/AndroidManifest.xml:10:5-76
21-->src/main/AndroidManifest.xml:10:22-73
22    <uses-permission android:name="android.permission.BLUETOOTH_SCAN" /> <!-- ExternalCall: USB -->
22-->src/main/AndroidManifest.xml:11:5-73
22-->src/main/AndroidManifest.xml:11:22-70
23    <uses-feature
23-->src/main/AndroidManifest.xml:14:5-87
24        android:name="android.hardware.usb.host"
24-->src/main/AndroidManifest.xml:14:19-59
25        android:required="false" /> <!-- LocalWebServer: 前台服务 -->
25-->src/main/AndroidManifest.xml:14:60-84
26    <uses-permission android:name="android.permission.FOREGROUND_SERVICE" />
26-->src/main/AndroidManifest.xml:17:5-77
26-->src/main/AndroidManifest.xml:17:22-74
27    <uses-permission android:name="android.permission.FOREGROUND_SERVICE_DATA_SYNC" />
27-->src/main/AndroidManifest.xml:18:5-87
27-->src/main/AndroidManifest.xml:18:22-84
28    <uses-permission android:name="android.permission.CAMERA" />
28-->[:turbomodule-lib] AndroidManifest.xml:7:5-65
28-->[:turbomodule-lib] AndroidManifest.xml:7:22-62
29
30    <uses-feature
30-->[:turbomodule-lib] AndroidManifest.xml:9:5-11:36
31        android:name="android.hardware.camera"
31-->[:turbomodule-lib] AndroidManifest.xml:10:9-47
32        android:required="false" />
32-->[:turbomodule-lib] AndroidManifest.xml:11:9-33
33
34    <permission
34-->[androidx.core:core:1.13.1] AndroidManifest.xml:22:5-24:47
35        android:name="com.impos2.posadapter.DYNAMIC_RECEIVER_NOT_EXPORTED_PERMISSION"
35-->[androidx.core:core:1.13.1] AndroidManifest.xml:23:9-81
36        android:protectionLevel="signature" />
36-->[androidx.core:core:1.13.1] AndroidManifest.xml:24:9-44
37
38    <uses-permission android:name="com.impos2.posadapter.DYNAMIC_RECEIVER_NOT_EXPORTED_PERMISSION" />
38-->[androidx.core:core:1.13.1] AndroidManifest.xml:26:5-97
38-->[androidx.core:core:1.13.1] AndroidManifest.xml:26:22-94
39
40    <application
40-->src/main/AndroidManifest.xml:20:5-47:19
41        android:name="com.impos2.posadapter.MainApplication"
41-->src/main/AndroidManifest.xml:21:7-38
42        android:allowBackup="false"
42-->src/main/AndroidManifest.xml:25:7-34
43        android:appComponentFactory="androidx.core.app.CoreComponentFactory"
43-->[androidx.core:core:1.13.1] AndroidManifest.xml:28:18-86
44        android:debuggable="true"
45        android:extractNativeLibs="false"
46        android:hardwareAccelerated="true"
46-->src/main/AndroidManifest.xml:28:7-41
47        android:icon="@mipmap/ic_launcher"
47-->src/main/AndroidManifest.xml:23:7-41
48        android:label="@string/app_name"
48-->src/main/AndroidManifest.xml:22:7-39
49        android:largeHeap="true"
49-->src/main/AndroidManifest.xml:29:7-31
50        android:roundIcon="@mipmap/ic_launcher_round"
50-->src/main/AndroidManifest.xml:24:7-52
51        android:supportsRtl="true"
51-->src/main/AndroidManifest.xml:27:7-33
52        android:theme="@style/AppTheme"
52-->src/main/AndroidManifest.xml:26:7-38
53        android:usesCleartextTraffic="true" >
53-->src/debug/AndroidManifest.xml:7:9-44
54        <activity
54-->src/main/AndroidManifest.xml:30:7-41:18
55            android:name="com.impos2.posadapter.MainActivity"
55-->src/main/AndroidManifest.xml:31:9-37
56            android:configChanges="keyboard|keyboardHidden|orientation|screenLayout|screenSize|smallestScreenSize|uiMode"
56-->src/main/AndroidManifest.xml:33:9-118
57            android:exported="true"
57-->src/main/AndroidManifest.xml:36:9-32
58            android:label="@string/app_name"
58-->src/main/AndroidManifest.xml:32:9-41
59            android:launchMode="singleTask"
59-->src/main/AndroidManifest.xml:34:9-40
60            android:windowSoftInputMode="adjustResize" >
60-->src/main/AndroidManifest.xml:35:9-51
61            <intent-filter>
61-->src/main/AndroidManifest.xml:37:9-40:25
62                <action android:name="android.intent.action.MAIN" />
62-->src/main/AndroidManifest.xml:38:13-65
62-->src/main/AndroidManifest.xml:38:21-62
63
64                <category android:name="android.intent.category.LAUNCHER" />
64-->src/main/AndroidManifest.xml:39:13-73
64-->src/main/AndroidManifest.xml:39:23-70
65            </intent-filter>
66        </activity> <!-- LocalWebServer 前台服务 -->
67        <service
67-->src/main/AndroidManifest.xml:43:7-46:52
68            android:name="com.impos2.posadapter.turbomodules.localwebserver.LocalWebServerService"
68-->src/main/AndroidManifest.xml:44:9-95
69            android:exported="false"
69-->src/main/AndroidManifest.xml:45:9-33
70            android:foregroundServiceType="dataSync" />
70-->src/main/AndroidManifest.xml:46:9-49
71
72        <activity
72-->[com.facebook.react:react-android:0.77.1] AndroidManifest.xml:19:9-21:40
73            android:name="com.facebook.react.devsupport.DevSettingsActivity"
73-->[com.facebook.react:react-android:0.77.1] AndroidManifest.xml:20:13-77
74            android:exported="false" />
74-->[com.facebook.react:react-android:0.77.1] AndroidManifest.xml:21:13-37
75        <activity
75-->[:turbomodule-lib] AndroidManifest.xml:14:9-18:75
76            android:name="com.impos2.posadapter.turbomodules.connector.channels.ResultBridgeActivity"
76-->[:turbomodule-lib] AndroidManifest.xml:15:13-102
77            android:excludeFromRecents="true"
77-->[:turbomodule-lib] AndroidManifest.xml:16:13-46
78            android:exported="false"
78-->[:turbomodule-lib] AndroidManifest.xml:17:13-37
79            android:theme="@android:style/Theme.Translucent.NoTitleBar" />
79-->[:turbomodule-lib] AndroidManifest.xml:18:13-72
80        <activity
80-->[:turbomodule-lib] AndroidManifest.xml:19:9-29:20
81            android:name="com.impos2.posadapter.turbomodules.connector.channels.CameraScanActivity"
81-->[:turbomodule-lib] AndroidManifest.xml:20:13-100
82            android:configChanges="orientation|screenSize"
82-->[:turbomodule-lib] AndroidManifest.xml:21:13-59
83            android:exported="false"
83-->[:turbomodule-lib] AndroidManifest.xml:22:13-37
84            android:theme="@style/Theme.AppCompat.NoActionBar" >
84-->[:turbomodule-lib] AndroidManifest.xml:23:13-63
85            <intent-filter>
85-->[:turbomodule-lib] AndroidManifest.xml:24:13-28:29
86                <action android:name="com.impos2.posadapter.action.CAMERA_SCAN" />
86-->[:turbomodule-lib] AndroidManifest.xml:25:17-83
86-->[:turbomodule-lib] AndroidManifest.xml:25:25-80
87
88                <category android:name="android.intent.category.DEFAULT" />
88-->[:turbomodule-lib] AndroidManifest.xml:27:17-76
88-->[:turbomodule-lib] AndroidManifest.xml:27:27-73
89            </intent-filter>
90        </activity>
91
92        <service
92-->[androidx.camera:camera-camera2:1.3.4] AndroidManifest.xml:24:9-33:19
93            android:name="androidx.camera.core.impl.MetadataHolderService"
93-->[androidx.camera:camera-camera2:1.3.4] AndroidManifest.xml:25:13-75
94            android:enabled="false"
94-->[androidx.camera:camera-camera2:1.3.4] AndroidManifest.xml:26:13-36
95            android:exported="false" >
95-->[androidx.camera:camera-camera2:1.3.4] AndroidManifest.xml:27:13-37
96            <meta-data
96-->[androidx.camera:camera-camera2:1.3.4] AndroidManifest.xml:30:13-32:89
97                android:name="androidx.camera.core.impl.MetadataHolderService.DEFAULT_CONFIG_PROVIDER"
97-->[androidx.camera:camera-camera2:1.3.4] AndroidManifest.xml:31:17-103
98                android:value="androidx.camera.camera2.Camera2Config$DefaultProvider" />
98-->[androidx.camera:camera-camera2:1.3.4] AndroidManifest.xml:32:17-86
99        </service>
100        <service
100-->[com.google.android.gms:play-services-mlkit-barcode-scanning:18.3.1] AndroidManifest.xml:9:9-15:19
101            android:name="com.google.mlkit.common.internal.MlKitComponentDiscoveryService"
101-->[com.google.android.gms:play-services-mlkit-barcode-scanning:18.3.1] AndroidManifest.xml:10:13-91
102            android:directBootAware="true"
102-->[com.google.mlkit:common:18.11.0] AndroidManifest.xml:17:13-43
103            android:exported="false" >
103-->[com.google.android.gms:play-services-mlkit-barcode-scanning:18.3.1] AndroidManifest.xml:11:13-37
104            <meta-data
104-->[com.google.android.gms:play-services-mlkit-barcode-scanning:18.3.1] AndroidManifest.xml:12:13-14:85
105                android:name="com.google.firebase.components:com.google.mlkit.vision.barcode.internal.BarcodeRegistrar"
105-->[com.google.android.gms:play-services-mlkit-barcode-scanning:18.3.1] AndroidManifest.xml:13:17-120
106                android:value="com.google.firebase.components.ComponentRegistrar" />
106-->[com.google.android.gms:play-services-mlkit-barcode-scanning:18.3.1] AndroidManifest.xml:14:17-82
107            <meta-data
107-->[com.google.mlkit:vision-common:17.3.0] AndroidManifest.xml:12:13-14:85
108                android:name="com.google.firebase.components:com.google.mlkit.vision.common.internal.VisionCommonRegistrar"
108-->[com.google.mlkit:vision-common:17.3.0] AndroidManifest.xml:13:17-124
109                android:value="com.google.firebase.components.ComponentRegistrar" />
109-->[com.google.mlkit:vision-common:17.3.0] AndroidManifest.xml:14:17-82
110            <meta-data
110-->[com.google.mlkit:common:18.11.0] AndroidManifest.xml:20:13-22:85
111                android:name="com.google.firebase.components:com.google.mlkit.common.internal.CommonComponentRegistrar"
111-->[com.google.mlkit:common:18.11.0] AndroidManifest.xml:21:17-120
112                android:value="com.google.firebase.components.ComponentRegistrar" />
112-->[com.google.mlkit:common:18.11.0] AndroidManifest.xml:22:17-82
113        </service>
114
115        <provider
115-->[com.google.mlkit:common:18.11.0] AndroidManifest.xml:9:9-13:38
116            android:name="com.google.mlkit.common.internal.MlKitInitProvider"
116-->[com.google.mlkit:common:18.11.0] AndroidManifest.xml:10:13-78
117            android:authorities="com.impos2.posadapter.mlkitinitprovider"
117-->[com.google.mlkit:common:18.11.0] AndroidManifest.xml:11:13-69
118            android:exported="false"
118-->[com.google.mlkit:common:18.11.0] AndroidManifest.xml:12:13-37
119            android:initOrder="99" />
119-->[com.google.mlkit:common:18.11.0] AndroidManifest.xml:13:13-35
120
121        <activity
121-->[com.google.android.gms:play-services-base:18.5.0] AndroidManifest.xml:5:9-173
122            android:name="com.google.android.gms.common.api.GoogleApiActivity"
122-->[com.google.android.gms:play-services-base:18.5.0] AndroidManifest.xml:5:19-85
123            android:exported="false"
123-->[com.google.android.gms:play-services-base:18.5.0] AndroidManifest.xml:5:146-170
124            android:theme="@android:style/Theme.Translucent.NoTitleBar" />
124-->[com.google.android.gms:play-services-base:18.5.0] AndroidManifest.xml:5:86-145
125
126        <meta-data
126-->[com.google.android.gms:play-services-basement:18.4.0] AndroidManifest.xml:6:9-122
127            android:name="com.google.android.gms.version"
127-->[com.google.android.gms:play-services-basement:18.4.0] AndroidManifest.xml:6:20-65
128            android:value="@integer/google_play_services_version" />
128-->[com.google.android.gms:play-services-basement:18.4.0] AndroidManifest.xml:6:66-119
129
130        <provider
130-->[androidx.emoji2:emoji2:1.3.0] AndroidManifest.xml:24:9-32:20
131            android:name="androidx.startup.InitializationProvider"
131-->[androidx.emoji2:emoji2:1.3.0] AndroidManifest.xml:25:13-67
132            android:authorities="com.impos2.posadapter.androidx-startup"
132-->[androidx.emoji2:emoji2:1.3.0] AndroidManifest.xml:26:13-68
133            android:exported="false" >
133-->[androidx.emoji2:emoji2:1.3.0] AndroidManifest.xml:27:13-37
134            <meta-data
134-->[androidx.emoji2:emoji2:1.3.0] AndroidManifest.xml:29:13-31:52
135                android:name="androidx.emoji2.text.EmojiCompatInitializer"
135-->[androidx.emoji2:emoji2:1.3.0] AndroidManifest.xml:30:17-75
136                android:value="androidx.startup" />
136-->[androidx.emoji2:emoji2:1.3.0] AndroidManifest.xml:31:17-49
137            <meta-data
137-->[androidx.lifecycle:lifecycle-process:2.6.2] AndroidManifest.xml:29:13-31:52
138                android:name="androidx.lifecycle.ProcessLifecycleInitializer"
138-->[androidx.lifecycle:lifecycle-process:2.6.2] AndroidManifest.xml:30:17-78
139                android:value="androidx.startup" />
139-->[androidx.lifecycle:lifecycle-process:2.6.2] AndroidManifest.xml:31:17-49
140            <meta-data
140-->[androidx.profileinstaller:profileinstaller:1.3.1] AndroidManifest.xml:29:13-31:52
141                android:name="androidx.profileinstaller.ProfileInstallerInitializer"
141-->[androidx.profileinstaller:profileinstaller:1.3.1] AndroidManifest.xml:30:17-85
142                android:value="androidx.startup" />
142-->[androidx.profileinstaller:profileinstaller:1.3.1] AndroidManifest.xml:31:17-49
143        </provider>
144
145        <receiver
145-->[androidx.profileinstaller:profileinstaller:1.3.1] AndroidManifest.xml:34:9-52:20
146            android:name="androidx.profileinstaller.ProfileInstallReceiver"
146-->[androidx.profileinstaller:profileinstaller:1.3.1] AndroidManifest.xml:35:13-76
147            android:directBootAware="false"
147-->[androidx.profileinstaller:profileinstaller:1.3.1] AndroidManifest.xml:36:13-44
148            android:enabled="true"
148-->[androidx.profileinstaller:profileinstaller:1.3.1] AndroidManifest.xml:37:13-35
149            android:exported="true"
149-->[androidx.profileinstaller:profileinstaller:1.3.1] AndroidManifest.xml:38:13-36
150            android:permission="android.permission.DUMP" >
150-->[androidx.profileinstaller:profileinstaller:1.3.1] AndroidManifest.xml:39:13-57
151            <intent-filter>
151-->[androidx.profileinstaller:profileinstaller:1.3.1] AndroidManifest.xml:40:13-42:29
152                <action android:name="androidx.profileinstaller.action.INSTALL_PROFILE" />
152-->[androidx.profileinstaller:profileinstaller:1.3.1] AndroidManifest.xml:41:17-91
152-->[androidx.profileinstaller:profileinstaller:1.3.1] AndroidManifest.xml:41:25-88
153            </intent-filter>
154            <intent-filter>
154-->[androidx.profileinstaller:profileinstaller:1.3.1] AndroidManifest.xml:43:13-45:29
155                <action android:name="androidx.profileinstaller.action.SKIP_FILE" />
155-->[androidx.profileinstaller:profileinstaller:1.3.1] AndroidManifest.xml:44:17-85
155-->[androidx.profileinstaller:profileinstaller:1.3.1] AndroidManifest.xml:44:25-82
156            </intent-filter>
157            <intent-filter>
157-->[androidx.profileinstaller:profileinstaller:1.3.1] AndroidManifest.xml:46:13-48:29
158                <action android:name="androidx.profileinstaller.action.SAVE_PROFILE" />
158-->[androidx.profileinstaller:profileinstaller:1.3.1] AndroidManifest.xml:47:17-88
158-->[androidx.profileinstaller:profileinstaller:1.3.1] AndroidManifest.xml:47:25-85
159            </intent-filter>
160            <intent-filter>
160-->[androidx.profileinstaller:profileinstaller:1.3.1] AndroidManifest.xml:49:13-51:29
161                <action android:name="androidx.profileinstaller.action.BENCHMARK_OPERATION" />
161-->[androidx.profileinstaller:profileinstaller:1.3.1] AndroidManifest.xml:50:17-95
161-->[androidx.profileinstaller:profileinstaller:1.3.1] AndroidManifest.xml:50:25-92
162            </intent-filter>
163        </receiver>
164
165        <service
165-->[com.google.android.datatransport:transport-backend-cct:2.3.3] AndroidManifest.xml:29:9-35:19
166            android:name="com.google.android.datatransport.runtime.backends.TransportBackendDiscovery"
166-->[com.google.android.datatransport:transport-backend-cct:2.3.3] AndroidManifest.xml:30:13-103
167            android:exported="false" >
167-->[com.google.android.datatransport:transport-backend-cct:2.3.3] AndroidManifest.xml:31:13-37
168            <meta-data
168-->[com.google.android.datatransport:transport-backend-cct:2.3.3] AndroidManifest.xml:32:13-34:39
169                android:name="backend:com.google.android.datatransport.cct.CctBackendFactory"
169-->[com.google.android.datatransport:transport-backend-cct:2.3.3] AndroidManifest.xml:33:17-94
170                android:value="cct" />
170-->[com.google.android.datatransport:transport-backend-cct:2.3.3] AndroidManifest.xml:34:17-36
171        </service>
172        <service
172-->[com.google.android.datatransport:transport-runtime:2.2.6] AndroidManifest.xml:26:9-30:19
173            android:name="com.google.android.datatransport.runtime.scheduling.jobscheduling.JobInfoSchedulerService"
173-->[com.google.android.datatransport:transport-runtime:2.2.6] AndroidManifest.xml:27:13-117
174            android:exported="false"
174-->[com.google.android.datatransport:transport-runtime:2.2.6] AndroidManifest.xml:28:13-37
175            android:permission="android.permission.BIND_JOB_SERVICE" >
175-->[com.google.android.datatransport:transport-runtime:2.2.6] AndroidManifest.xml:29:13-69
176        </service>
177
178        <receiver
178-->[com.google.android.datatransport:transport-runtime:2.2.6] AndroidManifest.xml:32:9-34:40
179            android:name="com.google.android.datatransport.runtime.scheduling.jobscheduling.AlarmManagerSchedulerBroadcastReceiver"
179-->[com.google.android.datatransport:transport-runtime:2.2.6] AndroidManifest.xml:33:13-132
180            android:exported="false" />
180-->[com.google.android.datatransport:transport-runtime:2.2.6] AndroidManifest.xml:34:13-37
181
182        <meta-data
182-->[com.facebook.soloader:soloader:0.12.1] AndroidManifest.xml:12:9-14:37
183            android:name="com.facebook.soloader.enabled"
183-->[com.facebook.soloader:soloader:0.12.1] AndroidManifest.xml:13:13-57
184            android:value="false" />
184-->[com.facebook.soloader:soloader:0.12.1] AndroidManifest.xml:14:13-34
185    </application>
186
187</manifest>